2024-03-22 14:27:35,253 - INFO - File Path : C:/Users/gopir/OneDrive/Desktop/PyDemo/Finished\Testing_22_03_2024__14_27_35.xlsx
2024-03-22 14:32:49,105 - INFO - Mode 1 ;  Successfully Extracted - Image File Name  : photo_4_2024-01-17_12-42-32.jpg
2024-03-22 14:32:58,125 - INFO - Mode 1 ;  Successfully Extracted - Image File Name  : photo_9_2024-01-17_12-42-32.jpg
2024-03-22 14:34:07,542 - INFO - Execution Stoped.
2024-03-22 14:34:12,631 - INFO - File Path : C:/Users/gopir/OneDrive/Desktop/PyDemo/Finished\Testing_22_03_2024__14_34_12.xlsx
2024-03-22 14:41:34,487 - INFO - Mode 1 ;  Successfully Extracted - Image File Name  : photo_43_2024-01-17_12-42-32.jpg
2024-03-22 14:41:45,570 - INFO - Mode 1 ;  Successfully Extracted - Image File Name  : photo_58_2024-01-17_12-42-32.jpg
2024-03-22 14:42:37,098 - INFO - Mode 1 ;  Successfully Extracted - Image File Name  : photo_6_2024-01-17_12-42-32.jpg
2024-03-22 15:07:44,078 - INFO - Execution Stoped.
2024-03-22 15:18:25,399 - INFO - File Path : C:/Users/gopir/OneDrive/Desktop/PyDemo/Finished\Testing_22_03_2024__15_18_25.xlsx
2024-03-22 15:19:30,226 - INFO - File Name Renamed : Demo
2024-03-22 15:19:50,374 - INFO - Mode 2 : Successfully Extracted - Image File Name photo_27_2024-01-17_12-42-32.jpg
2024-03-22 15:19:51,688 - INFO - Mode 2 : Successfully Extracted - Image File Name photo_28_2024-01-17_12-42-32.jpg
2024-03-22 15:19:52,539 - INFO - Mode 2 : Successfully Extracted - Image File Name photo_29_2024-01-17_12-42-32.jpg
2024-03-22 15:19:53,555 - INFO - Mode 2 : Successfully Extracted - Image File Name photo_2_2024-01-17_12-42-32.jpg
2024-03-22 15:19:54,659 - INFO - Mode 2 : Successfully Extracted - Image File Name photo_30_2024-01-17_12-42-32.jpg
2024-03-22 15:19:56,328 - INFO - Mode 2 : Successfully Extracted - Image File Name photo_3_2024-01-17_12-42-32.jpg
2024-03-22 15:19:57,692 - INFO - Mode 2 : Successfully Extracted - Image File Name photo_48_2024-01-17_12-42-32.jpg
2024-03-22 15:19:59,346 - INFO - Mode 2 : Successfully Extracted - Image File Name photo_49_2024-01-17_12-42-32.jpg
2024-03-22 15:20:00,525 - INFO - Mode 2 : Successfully Extracted - Image File Name photo_56_2024-01-17_12-42-32.jpg
2024-03-22 15:20:01,856 - INFO - Mode 2 : Successfully Extracted - Image File Name photo_59_2024-01-17_12-42-32.jpg
2024-03-22 15:20:03,787 - INFO - Mode 2 : Successfully Extracted - Image File Name photo_60_2024-01-17_12-42-32.jpg
2024-03-22 15:20:04,924 - INFO - Mode 2 : Successfully Extracted - Image File Name photo_61_2024-01-17_12-42-32.jpg
